<?xml version="1.0" encoding="UTF-8"?>
<!-- Generated by org.testng.reporters.JUnitReportReporter -->
<testsuite hostname="BLR-3BVK0F3-L" failures="0" tests="1" name="com.banking.testCases.TC_LoginTest_001" time="16.444" errors="0" timestamp="14 Jul 2023 10:50:00 GMT" skipped="0">
  <testcase classname="com.banking.testCases.TC_LoginTest_001" name="loginTest" time="16.444"/>
</testsuite> <!-- com.banking.testCases.TC_LoginTest_001 -->
